#
# There is insufficient memory for the Java Runtime Environment to continue.
# Native memory allocation (mmap) failed to map 134217728 bytes for G1 virtual space
# Possible reasons:
#   The system is out of physical RAM or swap space
#   The process is running with CompressedOops enabled, and the Java Heap may be blocking the growth of the native heap
# Possible solutions:
#   Reduce memory load on the system
#   Increase physical memory or swap space
#   Check if swap backing store is full
#   Decrease Java heap size (-Xmx/-Xms)
#   Decrease number of Java threads
#   Decrease Java thread stack sizes (-Xss)
#   Set larger code cache with -XX:ReservedCodeCacheSize=
#   JVM is running with Unscaled Compressed Oops mode in which the Java heap is
#     placed in the first 4GB address space. The Java Heap base address is the
#     maximum limit for the native heap growth. Please use -XX:HeapBaseMinAddress
#     to set the Java Heap base and to place the Java Heap above 4GB virtual address.
# This output file may be truncated or incomplete.
#
#  Out of Memory Error (./open/src/hotspot/os/windows/os_windows.cpp:3321), pid=10364, tid=10300
#
# JRE version:  (15.0.2+7) (build )
# Java VM: OpenJDK 64-Bit Server VM (15.0.2+7-27, mixed mode, sharing, tiered, compressed oops, g1 gc, windows-amd64)
# No core dump will be written. Minidumps are not enabled by default on client versions of Windows
#

---------------  S U M M A R Y ------------

Command Line: -Dcom.sun.management.jmxremote -Dcom.sun.management.jmxremote.port=55545 -Dcom.sun.management.jmxremote.authenticate=false -Dcom.sun.management.jmxremote.ssl=false -Djava.rmi.server.hostname=localhost -Dspring.jmx.enabled=true -Dspring.application.admin.enabled=true -XX:TieredStopAtLevel=1 -Dspring.boot.project.name=moira-project-service-customer -Dfile.encoding=UTF-8 -XX:+ShowCodeDetailsInExceptionMessages es.ozona.moira.project.service.navision.MoiraProjectServiceCustomerApplication

Host: Intel(R) Xeon(R) CPU E5-2650 0 @ 2.00GHz, 2 cores, 7G,  Windows 10 , 64 bit Build 18362 (10.0.18362.1500)
Time: Thu May 20 15:39:13 2021 Romance Daylight Time elapsed time: 9.417224 seconds (0d 0h 0m 9s)

---------------  T H R E A D  ---------------

Current thread (0x000001fcb208a920):  JavaThread "Unknown thread" [_thread_in_vm, id=10300, stack(0x0000001a34500000,0x0000001a34600000)]

Stack: [0x0000001a34500000,0x0000001a34600000]
Native frames: (J=compiled Java code, j=interpreted, Vv=VM code, C=native code)
V  [jvm.dll+0x62ae9a]
V  [jvm.dll+0x7817a9]
V  [jvm.dll+0x782f03]
V  [jvm.dll+0x783563]
V  [jvm.dll+0x216325]
V  [jvm.dll+0x6281d9]
V  [jvm.dll+0x61cf55]
V  [jvm.dll+0x2cffdd]
V  [jvm.dll+0x2cfe42]
V  [jvm.dll+0x2d5e1c]
V  [jvm.dll+0x32590a]
V  [jvm.dll+0x324fd4]
V  [jvm.dll+0x2a6f5a]
V  [jvm.dll+0x2a80f8]
V  [jvm.dll+0x75e241]
V  [jvm.dll+0x3341c4]
V  [jvm.dll+0x73e926]
V  [jvm.dll+0x3b7557]
V  [jvm.dll+0x3b8fe1]
C  [jli.dll+0x52fb]
C  [ucrtbase.dll+0x210b2]
C  [KERNEL32.DLL+0x17c24]
C  [ntdll.dll+0x6d721]


---------------  P R O C E S S  ---------------

Threads class SMR info:
_java_thread_list=0x00007ffadc8e4ff0, length=0, elements={
}

Java Threads: ( => current thread )

Other Threads:
  0x000001fcb20c84b0 GCTaskThread "GC Thread#0" [stack: 0x0000001a34700000,0x0000001a34800000] [id=10644]
  0x000001fcb20d9600 ConcurrentGCThread "G1 Main Marker" [stack: 0x0000001a34800000,0x0000001a34900000] [id=10640]
  0x000001fcb20dc280 ConcurrentGCThread "G1 Conc#0" [stack: 0x0000001a34900000,0x0000001a34a00000] [id=10268]

[error occurred during error reporting (printing all threads), id 0xc0000005, EXCEPTION_ACCESS_VIOLATION (0xc0000005) at pc=0x00007ffadc0d7e27]

VM state: not at safepoint (not fully initialized)

VM Mutex/Monitor currently owned by a thread:  ([mutex/lock_event])
[0x000001fcb20896d0] Heap_lock - owner thread: 0x000001fcb208a920

Heap address: 0x0000000080000000, size: 2048 MB, Compressed Oops mode: 32-bit
CDS archive(s) mapped at: [0x0000000000000000-0x0000000000000000-0x0000000000000000), size 0, SharedBaseAddress: 0x0000000800000000, ArchiveRelocationMode: 0.
Narrow klass base: 0x0000000000000000, Narrow klass shift: 0, Narrow klass range: 0x0

Heap:
 garbage-first heap   total 131072K, used 0K [0x0000000080000000, 0x0000000100000000)
  region size 1024K, 0 young (0K), 0 survivors (0K)
 Metaspace       used 0K, capacity 0K, committed 0K, reserved 0K
  class space    used 0K, capacity 0K, committed 0K, reserved 0K

Heap Regions: E=young(eden), S=young(survivor), O=old, HS=humongous(starts), HC=humongous(continues), CS=collection set, F=free, OA=open archive, CA=closed archive, TAMS=top-at-mark-start (previous, next)

Card table byte_map: [0x000001fcc6a30000,0x000001fcc6e30000] _byte_map_base: 0x000001fcc6630000

Marking Bits (Prev, Next): (CMBitMap*) 0x000001fcb20c8ca0, (CMBitMap*) 0x000001fcb20c8ce0
 Prev Bits: [0x000001fcc7230000, 0x000001fcc9230000)
 Next Bits: [0x000001fcc9230000, 0x000001fccb230000)

GC Heap History (0 events):
No events

Deoptimization events (0 events):
No events

Classes unloaded (0 events):
No events

Classes redefined (0 events):
No events

Internal exceptions (0 events):
No events

Events (1 events):
Event: 0.014 Loaded shared library C:\Proxectos\tools\eclipse\plugins\org.eclipse.justj.openjdk.hotspot.jre.full.win32.x86_64_15.0.2.v20210201-0955\jre\bin\java.dll


Dynamic libraries:
0x00007ff61e6e0000 - 0x00007ff61e6ed000 	C:\Proxectos\tools\eclipse\plugins\org.eclipse.justj.openjdk.hotspot.jre.full.win32.x86_64_15.0.2.v20210201-0955\jre\bin\javaw.exe
0x00007ffb12f40000 - 0x00007ffb13130000 	C:\WINDOWS\SYSTEM32\ntdll.dll
0x00007ffb12560000 - 0x00007ffb12612000 	C:\WINDOWS\System32\KERNEL32.DLL
0x00007ffb100a0000 - 0x00007ffb10345000 	C:\WINDOWS\System32\KERNELBASE.dll
0x00007ffb0feb0000 - 0x00007ffb0ffaa000 	C:\WINDOWS\System32\ucrtbase.dll
0x00007ffb02820000 - 0x00007ffb02838000 	C:\Proxectos\tools\eclipse\plugins\org.eclipse.justj.openjdk.hotspot.jre.full.win32.x86_64_15.0.2.v20210201-0955\jre\bin\jli.dll
0x00007ffb123c0000 - 0x00007ffb12554000 	C:\WINDOWS\System32\USER32.dll
0x00007ffb10ed0000 - 0x00007ffb10ef1000 	C:\WINDOWS\System32\win32u.dll
0x00007ffb12ed0000 - 0x00007ffb12ef6000 	C:\WINDOWS\System32\GDI32.dll
0x00007ffb10350000 - 0x00007ffb104e8000 	C:\WINDOWS\System32\gdi32full.dll
0x00007ffb10f50000 - 0x00007ffb10fee000 	C:\WINDOWS\System32\msvcp_win.dll
0x00007ffb01a70000 - 0x00007ffb01a89000 	C:\Proxectos\tools\eclipse\plugins\org.eclipse.justj.openjdk.hotspot.jre.full.win32.x86_64_15.0.2.v20210201-0955\jre\bin\VCRUNTIME140.dll
0x00007ffafc4a0000 - 0x00007ffafc724000 	C:\WINDOWS\WinSxS\amd64_microsoft.windows.common-controls_6595b64144ccf1df_6.0.18362.1500_none_9e79be6de462295c\COMCTL32.dll
0x00007ffb126b0000 - 0x00007ffb1274e000 	C:\WINDOWS\System32\msvcrt.dll
0x00007ffb127d0000 - 0x00007ffb12b06000 	C:\WINDOWS\System32\combase.dll
0x00007ffb122a0000 - 0x00007ffb123bf000 	C:\WINDOWS\System32\RPCRT4.dll
0x00007ffb10010000 - 0x00007ffb10091000 	C:\WINDOWS\System32\bcryptPrimitives.dll
0x00007ffb12210000 - 0x00007ffb1223e000 	C:\WINDOWS\System32\IMM32.DLL
0x00007ffb0fd10000 - 0x00007ffb0fd47000 	C:\Program Files\Citrix\HDX\bin\MfApHook.dll
0x00007ffb0fbe0000 - 0x00007ffb0fbf2000 	C:\Program Files\Citrix\HDX\bin\FullScreenHook.dll
0x00007ffb10ff0000 - 0x00007ffb11093000 	C:\WINDOWS\System32\ADVAPI32.dll
0x00007ffb11990000 - 0x00007ffb11a27000 	C:\WINDOWS\System32\sechost.dll
0x00007ffaf7a60000 - 0x00007ffaf7af1000 	C:\Proxectos\tools\eclipse\plugins\org.eclipse.justj.openjdk.hotspot.jre.full.win32.x86_64_15.0.2.v20210201-0955\jre\bin\MSVCP140.dll
0x00007ffb08a40000 - 0x00007ffb08a4c000 	C:\Proxectos\tools\eclipse\plugins\org.eclipse.justj.openjdk.hotspot.jre.full.win32.x86_64_15.0.2.v20210201-0955\jre\bin\VCRUNTIME140_1.dll
0x00007ffb0f8c0000 - 0x00007ffb0f8ea000 	C:\Program Files\Citrix\HDX\bin\ShellHook.dll
0x00007ffb11110000 - 0x00007ffb11162000 	C:\WINDOWS\System32\SHLWAPI.dll
0x00007ffb0f910000 - 0x00007ffb0fa1a000 	C:\Program Files\Citrix\HDX\bin\SCardHook.dll
0x00007ffb0f4e0000 - 0x00007ffb0f500000 	C:\Program Files\Citrix\HDX\bin\CxInjIme.dll
0x00007ffadbe20000 - 0x00007ffadc97e000 	C:\Proxectos\tools\eclipse\plugins\org.eclipse.justj.openjdk.hotspot.jre.full.win32.x86_64_15.0.2.v20210201-0955\jre\bin\server\jvm.dll
0x00007ffb11a40000 - 0x00007ffb11a48000 	C:\WINDOWS\System32\PSAPI.DLL
0x00007ffb08060000 - 0x00007ffb08069000 	C:\WINDOWS\SYSTEM32\WSOCK32.dll
0x00007ffb120f0000 - 0x00007ffb1215f000 	C:\WINDOWS\System32\WS2_32.dll
0x00007ffb08250000 - 0x00007ffb08274000 	C:\WINDOWS\SYSTEM32\WINMM.dll
0x00007ffb0fa90000 - 0x00007ffb0fa9a000 	C:\WINDOWS\SYSTEM32\VERSION.dll
0x00007ffb08100000 - 0x00007ffb0812d000 	C:\WINDOWS\SYSTEM32\WINMMBASE.dll
0x00007ffb10f00000 - 0x00007ffb10f4a000 	C:\WINDOWS\System32\cfgmgr32.dll
0x00007ffb0fe20000 - 0x00007ffb0fe31000 	C:\WINDOWS\System32\kernel.appcore.dll
0x00007ffb0a9c0000 - 0x00007ffb0a9ca000 	C:\Proxectos\tools\eclipse\plugins\org.eclipse.justj.openjdk.hotspot.jre.full.win32.x86_64_15.0.2.v20210201-0955\jre\bin\jimage.dll
0x00007ffb0df30000 - 0x00007ffb0e124000 	C:\WINDOWS\SYSTEM32\DBGHELP.DLL
0x00007ffb0ab00000 - 0x00007ffb0ab2a000 	C:\WINDOWS\SYSTEM32\dbgcore.DLL
0x00007ffb06310000 - 0x00007ffb06335000 	C:\Proxectos\tools\eclipse\plugins\org.eclipse.justj.openjdk.hotspot.jre.full.win32.x86_64_15.0.2.v20210201-0955\jre\bin\java.dll

dbghelp: loaded successfully - version: 4.0.5 - missing functions: none
symbol engine: initialized successfully - sym options: 0x614 - pdb path: .;C:\Proxectos\tools\eclipse\plugins\org.eclipse.justj.openjdk.hotspot.jre.full.win32.x86_64_15.0.2.v20210201-0955\jre\bin;C:\WINDOWS\SYSTEM32;C:\WINDOWS\WinSxS\amd64_microsoft.windows.common-controls_6595b64144ccf1df_6.0.18362.1500_none_9e79be6de462295c;C:\Program Files\Citrix\HDX\bin;C:\Proxectos\tools\eclipse\plugins\org.eclipse.justj.openjdk.hotspot.jre.full.win32.x86_64_15.0.2.v20210201-0955\jre\bin\server

VM Arguments:
jvm_args: -Dcom.sun.management.jmxremote -Dcom.sun.management.jmxremote.port=55545 -Dcom.sun.management.jmxremote.authenticate=false -Dcom.sun.management.jmxremote.ssl=false -Djava.rmi.server.hostname=localhost -Dspring.jmx.enabled=true -Dspring.application.admin.enabled=true -XX:TieredStopAtLevel=1 -Dspring.boot.project.name=moira-project-service-customer -Dfile.encoding=UTF-8 -XX:+ShowCodeDetailsInExceptionMessages 
java_command: es.ozona.moira.project.service.navision.MoiraProjectServiceCustomerApplication
java_class_path (initial): \\CLIENT\C$\Users\Dario\eclipse-workspace\moira-project-service-customer\target\classes;C:\Proxectos\tools\eclipse\plugins\org.junit_4.13.0.v20200204-1500.jar;C:\Proxectos\tools\eclipse\plugins\org.hamcrest.core_1.3.0.v20180420-1519.jar;C:\Users\dario.aldrei\.m2\repository\org\springframework\boot\spring-boot-starter-data-jpa\2.4.5\spring-boot-starter-data-jpa-2.4.5.jar;C:\Users\dario.aldrei\.m2\repository\org\springframework\boot\spring-boot-starter-aop\2.4.5\spring-boot-starter-aop-2.4.5.jar;C:\Users\dario.aldrei\.m2\repository\org\springframework\spring-aop\5.3.6\spring-aop-5.3.6.jar;C:\Users\dario.aldrei\.m2\repository\org\aspectj\aspectjweaver\1.9.6\aspectjweaver-1.9.6.jar;C:\Users\dario.aldrei\.m2\repository\org\springframework\boot\spring-boot-starter-jdbc\2.4.5\spring-boot-starter-jdbc-2.4.5.jar;C:\Users\dario.aldrei\.m2\repository\com\zaxxer\HikariCP\3.4.5\HikariCP-3.4.5.jar;C:\Users\dario.aldrei\.m2\repository\org\springframework\spring-jdbc\5.3.6\spring-jdbc-5.3.6.jar;C:\Users\dario.aldrei\.m2\repository\jakarta\transaction\jakarta.transaction-api\1.3.3\jakarta.transaction-api-1.3.3.jar;C:\Users\dario.aldrei\.m2\repository\jakarta\persistence\jakarta.persistence-api\2.2.3\jakarta.persistence-api-2.2.3.jar;C:\Users\dario.aldrei\.m2\repository\org\hibernate\hibernate-core\5.4.30.Final\hibernate-core-5.4.30.Final.jar;C:\Users\dario.aldrei\.m2\repository\org\jboss\logging\jboss-logging\3.4.1.Final\jboss-logging-3.4.1.Final.jar;C:\Users\dario.aldrei\.m2\repository\org\javassist\javassist\3.27.0-GA\javassist-3.27.0-GA.jar;C:\Users\dario.aldrei\.m2\repository\net\bytebuddy\byte-buddy\1.10.22\byte-buddy-1.10.22.jar;C:\Users\dario.aldrei\.m2\repository\antlr\antlr\2.7.7\antlr-2.7.7.jar;C:\Users\dario.aldrei\.m2\repository\org\jboss\jandex\2.2.3.Final\jandex-2.2.3.Final.jar;C:\Users\dario.aldrei\.m2\repository\org\dom4j\dom4j\2.1.3\dom4j-2.1.3.jar;C:\Users\dario.aldrei\.m2\repository\org\hibernate\common\hibernate-commons-annotations\5.
Launcher Type: SUN_STANDARD

[Global flags]
     intx CICompilerCount                          = 2                                         {product} {ergonomic}
     uint ConcGCThreads                            = 1                                         {product} {ergonomic}
     uint G1ConcRefinementThreads                  = 2                                         {product} {ergonomic}
   size_t G1HeapRegionSize                         = 1048576                                   {product} {ergonomic}
    uintx GCDrainStackTargetSize                   = 64                                        {product} {ergonomic}
   size_t InitialHeapSize                          = 134217728                                 {product} {ergonomic}
     bool ManagementServer                         = true                                      {product} {command line}
   size_t MarkStackSize                            = 4194304                                   {product} {ergonomic}
   size_t MaxHeapSize                              = 2147483648                                {product} {ergonomic}
   size_t MinHeapDeltaBytes                        = 1048576                                   {product} {ergonomic}
   size_t MinHeapSize                              = 8388608                                   {product} {ergonomic}
    uintx NonNMethodCodeHeapSize                   = 6396312                                {pd product} {ergonomic}
    uintx NonProfiledCodeHeapSize                  = 245261928                              {pd product} {ergonomic}
    uintx ProfiledCodeHeapSize                     = 0                                      {pd product} {ergonomic}
    uintx ReservedCodeCacheSize                    = 251658240                              {pd product} {ergonomic}
     bool SegmentedCodeCache                       = true                                      {product} {ergonomic}
     bool ShowCodeDetailsInExceptionMessages       = true                                   {manageable} {command line}
   size_t SoftMaxHeapSize                          = 2147483648                             {manageable} {ergonomic}
     intx TieredStopAtLevel                        = 1                                         {product} {command line}
     bool UseCompressedClassPointers               = true                                 {lp64_product} {ergonomic}
     bool UseCompressedOops                        = true                                 {lp64_product} {ergonomic}
     bool UseG1GC                                  = true                                      {product} {ergonomic}
     bool UseLargePagesIndividualAllocation        = false                                  {pd product} {ergonomic}

Logging:
Log output configuration:
 #0: stdout all=warning uptime,level,tags
 #1: stderr all=off uptime,level,tags

Environment Variables:
JAVA_HOME=C:\Proxectos\tools\jdk-16
PATH=C:/Proxectos/tools/eclipse//plugins/org.eclipse.justj.openjdk.hotspot.jre.full.win32.x86_64_15.0.2.v20210201-0955/jre/bin/server;C:/Proxectos/tools/eclipse//plugins/org.eclipse.justj.openjdk.hotspot.jre.full.win32.x86_64_15.0.2.v20210201-0955/jre/bin;C:\Program Files\Common Files\Oracle\Java\javapath;C:\WINDOWS\system32;C:\WINDOWS;C:\WINDOWS\System32\Wbem;C:\WINDOWS\System32\WindowsPowerShell\v1.0\;C:\WINDOWS\System32\OpenSSH\;C:\Program Files (x86)\Citrix\HDX\bin\;C:\Program Files\Citrix\HDX\bin\;C:\Program Files\Git\cmd;C:\Proxectos\tools\jdk-16;C:\Users\dario.aldrei\AppData\Local\Microsoft\WindowsApps;;C:\Proxectos\tools\Microsoft VS Code\bin;C:\Proxectos\tools\eclipse;
USERNAME=dario.aldrei
OS=Windows_NT
PROCESSOR_IDENTIFIER=Intel64 Family 6 Model 45 Stepping 2, GenuineIntel



---------------  S Y S T E M  ---------------

OS:
 Windows 10 , 64 bit Build 18362 (10.0.18362.1500)
OS uptime: 6 days 6:45 hours
VMWare virtualization detected

CPU: total 2 (initial active 2) (2 cores per cpu, 1 threads per core) family 6 model 45 stepping 2 microcode 0x71a, cmov, cx8, fxsr, mmx, sse, sse2, sse3, ssse3, sse4.1, sse4.2, popcnt, vzeroupper, avx, aes, clmul, tsc, tscinvbit, tscinv, clflush

Memory: 4k page, system-wide physical 8191M (1804M free)
TotalPageFile size 11194M (AvailPageFile size 741M)
current process WorkingSet (physical memory assigned to process): 11M, peak: 11M
current process commit charge ("private bytes"): 45M, peak: 173M

vm_info: OpenJDK 64-Bit Server VM (15.0.2+7-27) for windows-amd64 JRE (15.0.2+7-27), built on Dec  7 2020 20:02:38 by "mach5one" with unknown MS VC++:1925

END.
